  0:19: -1: XXXXXXXXXXXXXXXXXXXXXXXXXXXXXXXX: console: : help: ""
  0:25: -1: XXXXXXXXXXXXXXXXXXXXXXXXXXXXXXXX: console: : bot: ""
  0:32: -1: XXXXXXXXXXXXXXXXXXXXXXXXXXXXXXXX: console: : bot: "add test h 5"
  0:36: -1: XXXXXXXXXXXXXXXXXXXXXXXXXXXXXXXX: console: : bot: "add test a 5"
  0:39: -1: XXXXXXXXXXXXXXXXXXXXXXXXXXXXXXXX: console: : bot: "add test a 5"
  0:41: -1: XXXXXXXXXXXXXXXXXXXXXXXXXXXXXXXX: console: : bot: "add test a 5"
  0:43: -1: XXXXXXXXXXXXXXXXXXXXXXXXXXXXXXXX: console: : bot: "add test a 5"
  0:44: -1: XXXXXXXXXXXXXXXXXXXXXXXXXXXXXXXX: console: : bot: "add test a 5"
  0:45: -1: XXXXXXXXXXXXXXXXXXXXXXXXXXXXXXXX: console: : bot: "add test a 5"
  0:45: -1: XXXXXXXXXXXXXXXXXXXXXXXXXXXXXXXX: console: : bot: "add test a 5"
  0:46: -1: XXXXXXXXXXXXXXXXXXXXXXXXXXXXXXXX: console: : bot: "add test a 5"
  0:46: -1: XXXXXXXXXXXXXXXXXXXXXXXXXXXXXXXX: console: : bot: "add test a 5"
  0:47: -1: XXXXXXXXXXXXXXXXXXXXXXXXXXXXXXXX: console: : bot: "add test a 5"
  0:49: -1: XXXXXXXXXXXXXXXXXXXXXXXXXXXXXXXX: console: : bot: "add test h 5"
  0:51: -1: XXXXXXXXXXXXXXXXXXXXXXXXXXXXXXXX: console: : bot: "add test h 5"
  0:53: -1: XXXXXXXXXXXXXXXXXXXXXXXXXXXXXXXX: console: : bot: "add test h 5"
  0:54: -1: XXXXXXXXXXXXXXXXXXXXXXXXXXXXXXXX: console: : bot: "add test h 5"
  0:54: -1: XXXXXXXXXXXXXXXXXXXXXXXXXXXXXXXX: console: : bot: "add test h 5"
  0:54: -1: XXXXXXXXXXXXXXXXXXXXXXXXXXXXXXXX: console: : bot: "add test h 5"
  0:54: -1: XXXXXXXXXXXXXXXXXXXXXXXXXXXXXXXX: console: : bot: "add test h 5"
  0:55: -1: XXXXXXXXXXXXXXXXXXXXXXXXXXXXXXXX: console: : bot: "add test h 5"
  0:55: -1: XXXXXXXXXXXXXXXXXXXXXXXXXXXXXXXX: console: : bot: "add test h 5"
  0:58: -1: XXXXXXXXXXXXXXXXXXXXXXXXXXXXXXXX: console: : bot: "add test h 5"
  1:01: -1: XXXXXXXXXXXXXXXXXXXXXXXXXXXXXXXX: console: : bot: "add test h 5"
  1:05: -1: XXXXXXXXXXXXXXXXXXXXXXXXXXXXXXXX: console: : bot: "add test a 5"
  1:11: -1: XXXXXXXXXXXXXXXXXXXXXXXXXXXXXXXX: console: : help: ""
  1:21: -1: XXXXXXXXXXXXXXXXXXXXXXXXXXXXXXXX: console: : listplayers: ""
  1:51: -1: XXXXXXXXXXXXXXXXXXXXXXXXXXXXXXXX: console: : restart: ""
  0:12: -1: XXXXXXXXXXXXXXXXXXXXXXXXXXXXXXXX: console: : bot: "add test a 5"
  0:13: -1: XXXXXXXXXXXXXXXXXXXXXXXXXXXXXXXX: console: : bot: "add test a 5"
  0:14: -1: XXXXXXXXXXXXXXXXXXXXXXXXXXXXXXXX: console: : bot: "add test a 5"
  0:15: -1: XXXXXXXXXXXXXXXXXXXXXXXXXXXXXXXX: console: : bot: "add test a 5"
  0:15: -1: XXXXXXXXXXXXXXXXXXXXXXXXXXXXXXXX: console: : bot: "add test a 5"
  0:16: -1: XXXXXXXXXXXXXXXXXXXXXXXXXXXXXXXX: console: : bot: "add test a 5"
  0:16: -1: XXXXXXXXXXXXXXXXXXXXXXXXXXXXXXXX: console: : bot: "add test a 5"
  0:16: -1: XXXXXXXXXXXXXXXXXXXXXXXXXXXXXXXX: console: : bot: "add test a 5"
  0:17: -1: XXXXXXXXXXXXXXXXXXXXXXXXXXXXXXXX: console: : bot: "add test a 5"
  0:17: -1: XXXXXXXXXXXXXXXXXXXXXXXXXXXXXXXX: console: : bot: "add test a 5"
  0:20: -1: XXXXXXXXXXXXXXXXXXXXXXXXXXXXXXXX: console: : bot: "add test h 5"
  0:20: -1: XXXXXXXXXXXXXXXXXXXXXXXXXXXXXXXX: console: : bot: "add test h 5"
  0:21: -1: XXXXXXXXXXXXXXXXXXXXXXXXXXXXXXXX: console: : bot: "add test h 5"
  0:21: -1: XXXXXXXXXXXXXXXXXXXXXXXXXXXXXXXX: console: : bot: "add test h 5"
  0:21: -1: XXXXXXXXXXXXXXXXXXXXXXXXXXXXXXXX: console: : bot: "add test h 5"
  0:22: -1: XXXXXXXXXXXXXXXXXXXXXXXXXXXXXXXX: console: : bot: "add test h 5"
  0:22: -1: XXXXXXXXXXXXXXXXXXXXXXXXXXXXXXXX: console: : bot: "add test h 5"
  0:22: -1: XXXXXXXXXXXXXXXXXXXXXXXXXXXXXXXX: console: : bot: "add test h 5"
  0:22: -1: XXXXXXXXXXXXXXXXXXXXXXXXXXXXXXXX: console: : bot: "add test h 5"
  0:23: -1: XXXXXXXXXXXXXXXXXXXXXXXXXXXXXXXX: console: : bot: "add test h 5"
  0:26: -1: XXXXXXXXXXXXXXXXXXXXXXXXXXXXXXXX: console: : bot: "add test a 5"
  0:27: -1: XXXXXXXXXXXXXXXXXXXXXXXXXXXXXXXX: console: : bot: "add test a 5"
  0:27: -1: XXXXXXXXXXXXXXXXXXXXXXXXXXXXXXXX: console: : bot: "add test a 5"
  0:28: -1: XXXXXXXXXXXXXXXXXXXXXXXXXXXXXXXX: console: : bot: "add test a 5"
  0:28: -1: XXXXXXXXXXXXXXXXXXXXXXXXXXXXXXXX: console: : bot: "add test a 5"
  0:28: -1: XXXXXXXXXXXXXXXXXXXXXXXXXXXXXXXX: console: : bot: "add test a 5"
  0:29: -1: XXXXXXXXXXXXXXXXXXXXXXXXXXXXXXXX: console: : bot: "add test a 5"
  0:29: -1: XXXXXXXXXXXXXXXXXXXXXXXXXXXXXXXX: console: : bot: "add test a 5"
  0:29: -1: XXXXXXXXXXXXXXXXXXXXXXXXXXXXXXXX: console: : bot: "add test a 5"
  0:30: -1: XXXXXXXXXXXXXXXXXXXXXXXXXXXXXXXX: console: : bot: "add test a 5"
  0:33: -1: XXXXXXXXXXXXXXXXXXXXXXXXXXXXXXXX: console: : bot: "add test h 5"
  0:33: -1: XXXXXXXXXXXXXXXXXXXXXXXXXXXXXXXX: console: : bot: "add test a 5"
  0:34: -1: XXXXXXXXXXXXXXXXXXXXXXXXXXXXXXXX: console: : bot: "add test a 5"
  0:34: -1: XXXXXXXXXXXXXXXXXXXXXXXXXXXXXXXX: console: : bot: "add test a 5"
  0:34: -1: XXXXXXXXXXXXXXXXXXXXXXXXXXXXXXXX: console: : bot: "add test a 5"
  0:34: -1: XXXXXXXXXXXXXXXXXXXXXXXXXXXXXXXX: console: : bot: "add test a 5"
  0:35: -1: XXXXXXXXXXXXXXXXXXXXXXXXXXXXXXXX: console: : bot: "add test a 5"
  0:35: -1: XXXXXXXXXXXXXXXXXXXXXXXXXXXXXXXX: console: : bot: "add test a 5"
  0:35: -1: XXXXXXXXXXXXXXXXXXXXXXXXXXXXXXXX: console: : bot: "add test a 5"
  0:35: -1: XXXXXXXXXXXXXXXXXXXXXXXXXXXXXXXX: console: : bot: "add test a 5"
  0:48: -1: XXXXXXXXXXXXXXXXXXXXXXXXXXXXXXXX: console: : listplayers: ""
  0:56: -1: XXXXXXXXXXXXXXXXXXXXXXXXXXXXXXXX: console: : bot: "add test h 5"
  0:56: -1: XXXXXXXXXXXXXXXXXXXXXXXXXXXXXXXX: console: : bot: "add test h 5"
  0:57: -1: XXXXXXXXXXXXXXXXXXXXXXXXXXXXXXXX: console: : bot: "add test h 5"
  0:57: -1: XXXXXXXXXXXXXXXXXXXXXXXXXXXXXXXX: console: : bot: "add test h 5"
  0:58: -1: XXXXXXXXXXXXXXXXXXXXXXXXXXXXXXXX: console: : bot: "add test h 5"
  0:58: -1: XXXXXXXXXXXXXXXXXXXXXXXXXXXXXXXX: console: : bot: "add test h 5"
  0:59: -1: XXXXXXXXXXXXXXXXXXXXXXXXXXXXXXXX: console: : bot: "add test h 5"
  0:59: -1: XXXXXXXXXXXXXXXXXXXXXXXXXXXXXXXX: console: : bot: "add test h 5"
  1:00: -1: XXXXXXXXXXXXXXXXXXXXXXXXXXXXXXXX: console: : bot: "add test h 5"
  1:00: -1: XXXXXXXXXXXXXXXXXXXXXXXXXXXXXXXX: console: : bot: "add test h 5"
  1:35: -1: XXXXXXXXXXXXXXXXXXXXXXXXXXXXXXXX: console: : bot: "add test a 5"
  1:36: -1: XXXXXXXXXXXXXXXXXXXXXXXXXXXXXXXX: console: : bot: "add test a 5"
  1:36: -1: XXXXXXXXXXXXXXXXXXXXXXXXXXXXXXXX: console: : bot: "add test a 5"
  1:37: -1: XXXXXXXXXXXXXXXXXXXXXXXXXXXXXXXX: console: : bot: "add test a 5"
  1:37: -1: XXXXXXXXXXXXXXXXXXXXXXXXXXXXXXXX: console: : bot: "add test a 5"
  1:38: -1: XXXXXXXXXXXXXXXXXXXXXXXXXXXXXXXX: console: : bot: "add test a 5"
  1:38: -1: XXXXXXXXXXXXXXXXXXXXXXXXXXXXXXXX: console: : bot: "add test a 5"
  1:38: -1: XXXXXXXXXXXXXXXXXXXXXXXXXXXXXXXX: console: : bot: "add test a 5"
  1:39: -1: XXXXXXXXXXXXXXXXXXXXXXXXXXXXXXXX: console: : bot: "add test a 5"
  1:39: -1: XXXXXXXXXXXXXXXXXXXXXXXXXXXXXXXX: console: : bot: "add test a 5"
  1:41: -1: XXXXXXXXXXXXXXXXXXXXXXXXXXXXXXXX: console: : bot: "add test h 5"
  1:41: -1: XXXXXXXXXXXXXXXXXXXXXXXXXXXXXXXX: console: : bot: "add test a 5"
  1:42: -1: XXXXXXXXXXXXXXXXXXXXXXXXXXXXXXXX: console: : bot: "add test a 5"
  1:42: -1: XXXXXXXXXXXXXXXXXXXXXXXXXXXXXXXX: console: : bot: "add test a 5"
  1:44: -1: XXXXXXXXXXXXXXXXXXXXXXXXXXXXXXXX: console: : bot: "add test a 5"
  1:44: -1: XXXXXXXXXXXXXXXXXXXXXXXXXXXXXXXX: console: : bot: "add test a 5"
  1:45: -1: XXXXXXXXXXXXXXXXXXXXXXXXXXXXXXXX: console: : bot: "add test a 5"
  1:46: -1: XXXXXXXXXXXXXXXXXXXXXXXXXXXXXXXX: console: : bot: "add test a 5"
  1:46: -1: XXXXXXXXXXXXXXXXXXXXXXXXXXXXXXXX: console: : bot: "add test a 5"
  1:47: -1: XXXXXXXXXXXXXXXXXXXXXXXXXXXXXXXX: console: : bot: "add test a 5"
  0:45: 0: E2622A1AE4276CB52A8F427BCEE12BAD: dusan: : attempted: "!bot add test a 5 1"
  0:50: 0: E2622A1AE4276CB52A8F427BCEE12BAD: dusan: : attempted: "!bot add test a 5 1"
  0:52: 0: E2622A1AE4276CB52A8F427BCEE12BAD: dusan: : help: ""
  1:02: 0: E2622A1AE4276CB52A8F427BCEE12BAD: dusan: : attempted: "!setlevel 0 5"
  1:06: -1: XXXXXXXXXXXXXXXXXXXXXXXXXXXXXXXX: console: : setlevel: E2622A1AE4276CB52A8F427BCEE12BAD: dusan: ""
  1:08: -1: XXXXXXXXXXXXXXXXXXXXXXXXXXXXXXXX: console: : setlevel: E2622A1AE4276CB52A8F427BCEE12BAD: dusan: ""
  1:09: -1: XXXXXXXXXXXXXXXXXXXXXXXXXXXXXXXX: console: : setlevel: E2622A1AE4276CB52A8F427BCEE12BAD: dusan: "5"
  1:12: -1: XXXXXXXXXXXXXXXXXXXXXXXXXXXXXXXX: console: : setlevel: E2622A1AE4276CB52A8F427BCEE12BAD: dusan: ""
  1:13: -1: XXXXXXXXXXXXXXXXXXXXXXXXXXXXXXXX: console: : setlevel: E2622A1AE4276CB52A8F427BCEE12BAD: dusan: "2"
  1:16: -1: XXXXXXXXXXXXXXXXXXXXXXXXXXXXXXXX: console: : setlevel: E2622A1AE4276CB52A8F427BCEE12BAD: dusan: "1"
  1:19: 0: E2622A1AE4276CB52A8F427BCEE12BAD: dusan: *: help: ""
  1:23: 0: E2622A1AE4276CB52A8F427BCEE12BAD: dusan: *: bot: "add test a 5 1"
  1:25: 0: E2622A1AE4276CB52A8F427BCEE12BAD: dusan: *: setlevel: E2622A1AE4276CB52A8F427BCEE12BAD: dusan: "5"
  1:28: 0: E2622A1AE4276CB52A8F427BCEE12BAD: dusan: *: bot: "add test a 5 1"
  1:35: -1: XXXXXXXXXXXXXXXXXXXXXXXXXXXXXXXX: console: : bot: "add test a 5"
  1:36: -1: XXXXXXXXXXXXXXXXXXXXXXXXXXXXXXXX: console: : bot: "add test a 5"
  1:37: -1: XXXXXXXXXXXXXXXXXXXXXXXXXXXXXXXX: console: : bot: "add test a 5"
  1:37: -1: XXXXXXXXXXXXXXXXXXXXXXXXXXXXXXXX: console: : bot: "add test a 5"
  1:38: -1: XXXXXXXXXXXXXXXXXXXXXXXXXXXXXXXX: console: : bot: "add test a 5"
  1:38: -1: XXXXXXXXXXXXXXXXXXXXXXXXXXXXXXXX: console: : bot: "add test a 5"
  1:39: -1: XXXXXXXXXXXXXXXXXXXXXXXXXXXXXXXX: console: : bot: "add test a 5"
  1:39: -1: XXXXXXXXXXXXXXXXXXXXXXXXXXXXXXXX: console: : bot: "add test a 5"
  1:39: -1: XXXXXXXXXXXXXXXXXXXXXXXXXXXXXXXX: console: : bot: "add test a 5"
  1:40: -1: XXXXXXXXXXXXXXXXXXXXXXXXXXXXXXXX: console: : bot: "add test a 5"
  1:40: -1: XXXXXXXXXXXXXXXXXXXXXXXXXXXXXXXX: console: : bot: "add test a 5"
  1:40: -1: XXXXXXXXXXXXXXXXXXXXXXXXXXXXXXXX: console: : bot: "add test a 5"
  1:41: -1: XXXXXXXXXXXXXXXXXXXXXXXXXXXXXXXX: console: : bot: "add test a 5"
  1:41: -1: XXXXXXXXXXXXXXXXXXXXXXXXXXXXXXXX: console: : bot: "add test a 5"
  1:41: -1: XXXXXXXXXXXXXXXXXXXXXXXXXXXXXXXX: console: : bot: "add test a 5"
  1:42: -1: XXXXXXXXXXXXXXXXXXXXXXXXXXXXXXXX: console: : bot: "add test a 5"
  1:42: -1: XXXXXXXXXXXXXXXXXXXXXXXXXXXXXXXX: console: : bot: "add test a 5"
  1:42: -1: XXXXXXXXXXXXXXXXXXXXXXXXXXXXXXXX: console: : bot: "add test a 5"
  1:42: -1: XXXXXXXXXXXXXXXXXXXXXXXXXXXXXXXX: console: : bot: "add test a 5"
  1:43: -1: XXXXXXXXXXXXXXXXXXXXXXXXXXXXXXXX: console: : bot: "add test a 5"
  1:43: -1: XXXXXXXXXXXXXXXXXXXXXXXXXXXXXXXX: console: : bot: "add test a 5"
  1:46: -1: XXXXXXXXXXXXXXXXXXXXXXXXXXXXXXXX: console: : bot: "add test a 5"
  1:51: -1: XXXXXXXXXXXXXXXXXXXXXXXXXXXXXXXX: console: : bot: "add test h 5"
  2:36: -1: XXXXXXXXXXXXXXXXXXXXXXXXXXXXXXXX: console: : bot: "add test h 5"
  2:20: -1: XXXXXXXXXXXXXXXXXXXXXXXXXXXXXXXX: console: : bot: "add a 5"
  2:23: -1: XXXXXXXXXXXXXXXXXXXXXXXXXXXXXXXX: console: : bot: "add test a 5"
  2:25: -1: XXXXXXXXXXXXXXXXXXXXXXXXXXXXXXXX: console: : bot: "add test a 5"
  2:25: -1: XXXXXXXXXXXXXXXXXXXXXXXXXXXXXXXX: console: : bot: "add test a 5"
  2:25: -1: XXXXXXXXXXXXXXXXXXXXXXXXXXXXXXXX: console: : bot: "add test a 5"
  2:26: -1: XXXXXXXXXXXXXXXXXXXXXXXXXXXXXXXX: console: : bot: "add test a 5"
  2:27: -1: XXXXXXXXXXXXXXXXXXXXXXXXXXXXXXXX: console: : bot: "add test a 5"
  2:28: -1: XXXXXXXXXXXXXXXXXXXXXXXXXXXXXXXX: console: : bot: "add test a 5"
  2:28: -1: XXXXXXXXXXXXXXXXXXXXXXXXXXXXXXXX: console: : bot: "add test a 5"
  2:28: -1: XXXXXXXXXXXXXXXXXXXXXXXXXXXXXXXX: console: : bot: "add test a 5"
  2:32: -1: XXXXXXXXXXXXXXXXXXXXXXXXXXXXXXXX: console: : bot: "add test h 5"
  2:32: -1: XXXXXXXXXXXXXXXXXXXXXXXXXXXXXXXX: console: : bot: "add test h 5"
  2:32: -1: XXXXXXXXXXXXXXXXXXXXXXXXXXXXXXXX: console: : bot: "add test h 5"
  2:33: -1: XXXXXXXXXXXXXXXXXXXXXXXXXXXXXXXX: console: : bot: "add test h 5"
  2:33: -1: XXXXXXXXXXXXXXXXXXXXXXXXXXXXXXXX: console: : bot: "add test h 5"
  2:34: -1: XXXXXXXXXXXXXXXXXXXXXXXXXXXXXXXX: console: : bot: "add test h 5"
  2:34: -1: XXXXXXXXXXXXXXXXXXXXXXXXXXXXXXXX: console: : bot: "add test h 5"
  2:34: -1: XXXXXXXXXXXXXXXXXXXXXXXXXXXXXXXX: console: : bot: "add test h 5"
  2:34: -1: XXXXXXXXXXXXXXXXXXXXXXXXXXXXXXXX: console: : bot: "add test h 5"
  2:35: -1: XXXXXXXXXXXXXXXXXXXXXXXXXXXXXXXX: console: : bot: "add test h 5"
  0:57: -1: XXXXXXXXXXXXXXXXXXXXXXXXXXXXXXXX: console: : bot: "add test h 5"
  1:02: -1: XXXXXXXXXXXXXXXXXXXXXXXXXXXXXXXX: console: : bot: "add test h 5"
  1:05: -1: XXXXXXXXXXXXXXXXXXXXXXXXXXXXXXXX: console: : bot: "add test h 5"
  1:08: -1: XXXXXXXXXXXXXXXXXXXXXXXXXXXXXXXX: console: : bot: "add test h 5"
  1:11: -1: XXXXXXXXXXXXXXXXXXXXXXXXXXXXXXXX: console: : bot: "add test h 5"
  1:14: -1: XXXXXXXXXXXXXXXXXXXXXXXXXXXXXXXX: console: : bot: "add test h 5"
  1:23: -1: XXXXXXXXXXXXXXXXXXXXXXXXXXXXXXXX: console: : bot: "add test h 5"
  1:24: -1: XXXXXXXXXXXXXXXXXXXXXXXXXXXXXXXX: console: : bot: "add test h 5"
  1:25: -1: XXXXXXXXXXXXXXXXXXXXXXXXXXXXXXXX: console: : bot: "add test h 5"
  1:25: -1: XXXXXXXXXXXXXXXXXXXXXXXXXXXXXXXX: console: : bot: "add test h 5"
  1:25: -1: XXXXXXXXXXXXXXXXXXXXXXXXXXXXXXXX: console: : bot: "add test h 5"
  1:25: -1: XXXXXXXXXXXXXXXXXXXXXXXXXXXXXXXX: console: : bot: "add test h 5"
  1:26: -1: XXXXXXXXXXXXXXXXXXXXXXXXXXXXXXXX: console: : bot: "add test h 5"
  1:26: -1: XXXXXXXXXXXXXXXXXXXXXXXXXXXXXXXX: console: : bot: "add test h 5"
  1:26: -1: XXXXXXXXXXXXXXXXXXXXXXXXXXXXXXXX: console: : bot: "add test h 5"
  1:26: -1: XXXXXXXXXXXXXXXXXXXXXXXXXXXXXXXX: console: : bot: "add test h 5"
  1:26: -1: XXXXXXXXXXXXXXXXXXXXXXXXXXXXXXXX: console: : bot: "add test h 5"
  1:27: -1: XXXXXXXXXXXXXXXXXXXXXXXXXXXXXXXX: console: : bot: "add test h 5"
  1:28: -1: XXXXXXXXXXXXXXXXXXXXXXXXXXXXXXXX: console: : bot: "add test h 5"
  0:10: -1: XXXXXXXXXXXXXXXXXXXXXXXXXXXXXXXX: console: : bot: "add test h 5"
  0:11: -1: XXXXXXXXXXXXXXXXXXXXXXXXXXXXXXXX: console: : bot: "add test h 5"
  0:12: -1: XXXXXXXXXXXXXXXXXXXXXXXXXXXXXXXX: console: : bot: "add test h 5"
  0:12: -1: XXXXXXXXXXXXXXXXXXXXXXXXXXXXXXXX: console: : bot: "add test h 5"
  0:13: -1: XXXXXXXXXXXXXXXXXXXXXXXXXXXXXXXX: console: : bot: "add test h 5"
  0:13: -1: XXXXXXXXXXXXXXXXXXXXXXXXXXXXXXXX: console: : bot: "add test h 5"
  0:14: -1: XXXXXXXXXXXXXXXXXXXXXXXXXXXXXXXX: console: : bot: "add test h 5"
  0:14: -1: XXXXXXXXXXXXXXXXXXXXXXXXXXXXXXXX: console: : bot: "add test h 5"
  0:15: -1: XXXXXXXXXXXXXXXXXXXXXXXXXXXXXXXX: console: : bot: "add test h 5"
  0:15: -1: XXXXXXXXXXXXXXXXXXXXXXXXXXXXXXXX: console: : bot: "add test h 5"
  0:16: -1: XXXXXXXXXXXXXXXXXXXXXXXXXXXXXXXX: console: : bot: "add test h 5"
  0:16: -1: XXXXXXXXXXXXXXXXXXXXXXXXXXXXXXXX: console: : bot: "add test h 5"
  0:17: -1: XXXXXXXXXXXXXXXXXXXXXXXXXXXXXXXX: console: : bot: "add test h 5"
  0:18: -1: XXXXXXXXXXXXXXXXXXXXXXXXXXXXXXXX: console: : bot: "add test h 5"
  0:18: -1: XXXXXXXXXXXXXXXXXXXXXXXXXXXXXXXX: console: : bot: "add test h 5"
  0:52: -1: XXXXXXXXXXXXXXXXXXXXXXXXXXXXXXXX: console: : bot: "add test h 5"
  0:04: -1: XXXXXXXXXXXXXXXXXXXXXXXXXXXXXXXX: console: : bot: "add test h 5"
  0:06: -1: XXXXXXXXXXXXXXXXXXXXXXXXXXXXXXXX: console: : bot: "add test h 5"
  0:08: -1: XXXXXXXXXXXXXXXXXXXXXXXXXXXXXXXX: console: : bot: "add test h 5"
  0:10: -1: XXXXXXXXXXXXXXXXXXXXXXXXXXXXXXXX: console: : bot: "add test h 5"
  0:11: -1: XXXXXXXXXXXXXXXXXXXXXXXXXXXXXXXX: console: : bot: "add test h 5"
  0:13: -1: XXXXXXXXXXXXXXXXXXXXXXXXXXXXXXXX: console: : bot: "add test h 5"
  0:15: -1: XXXXXXXXXXXXXXXXXXXXXXXXXXXXXXXX: console: : bot: "add test h 5"
  0:17: -1: XXXXXXXXXXXXXXXXXXXXXXXXXXXXXXXX: console: : bot: "add test h 5"
  0:18: -1: XXXXXXXXXXXXXXXXXXXXXXXXXXXXXXXX: console: : bot: "add test h 5"
  0:20: -1: XXXXXXXXXXXXXXXXXXXXXXXXXXXXXXXX: console: : bot: "add test h 5"
  0:04: -1: XXXXXXXXXXXXXXXXXXXXXXXXXXXXXXXX: console: : bot: "add test h 5"
  0:07: -1: XXXXXXXXXXXXXXXXXXXXXXXXXXXXXXXX: console: : bot: "add test h 5"
  0:11: -1: XXXXXXXXXXXXXXXXXXXXXXXXXXXXXXXX: console: : bot: "add test h 5"
  0:12: -1: XXXXXXXXXXXXXXXXXXXXXXXXXXXXXXXX: console: : bot: "add test h 5"
  0:13: -1: XXXXXXXXXXXXXXXXXXXXXXXXXXXXXXXX: console: : bot: "add test h 5"
  0:13: -1: XXXXXXXXXXXXXXXXXXXXXXXXXXXXXXXX: console: : bot: "add test h 5"
  0:13: -1: XXXXXXXXXXXXXXXXXXXXXXXXXXXXXXXX: console: : bot: "add test h 5"
  0:13: -1: XXXXXXXXXXXXXXXXXXXXXXXXXXXXXXXX: console: : bot: "add test h 5"
  0:14: -1: XXXXXXXXXXXXXXXXXXXXXXXXXXXXXXXX: console: : bot: "add test h 5"
  0:14: -1: XXXXXXXXXXXXXXXXXXXXXXXXXXXXXXXX: console: : bot: "add test h 5"
  0:14: -1: XXXXXXXXXXXXXXXXXXXXXXXXXXXXXXXX: console: : bot: "add test h 5"
  0:14: -1: XXXXXXXXXXXXXXXXXXXXXXXXXXXXXXXX: console: : bot: "add test h 5"
  0:14: -1: XXXXXXXXXXXXXXXXXXXXXXXXXXXXXXXX: console: : bot: "add test h 5"
  0:15: -1: XXXXXXXXXXXXXXXXXXXXXXXXXXXXXXXX: console: : bot: "add test h 5"
  0:15: -1: XXXXXXXXXXXXXXXXXXXXXXXXXXXXXXXX: console: : bot: "add test h 5"
  0:15: -1: XXXXXXXXXXXXXXXXXXXXXXXXXXXXXXXX: console: : bot: "add test h 5"
  0:15: -1: XXXXXXXXXXXXXXXXXXXXXXXXXXXXXXXX: console: : bot: "add test h 5"
  0:15: -1: XXXXXXXXXXXXXXXXXXXXXXXXXXXXXXXX: console: : bot: "add test h 5"
  0:15: -1: XXXXXXXXXXXXXXXXXXXXXXXXXXXXXXXX: console: : bot: "add test h 5"
  0:17: -1: XXXXXXXXXXXXXXXXXXXXXXXXXXXXXXXX: console: : bot: "add test h 5"
  1:51: -1: XXXXXXXXXXXXXXXXXXXXXXXXXXXXXXXX: console: : bot: "add test h 5"
  1:52: -1: XXXXXXXXXXXXXXXXXXXXXXXXXXXXXXXX: console: : bot: "add test h 5"
  1:53: -1: XXXXXXXXXXXXXXXXXXXXXXXXXXXXXXXX: console: : bot: "add test h 5"
  1:53: -1: XXXXXXXXXXXXXXXXXXXXXXXXXXXXXXXX: console: : bot: "add test h 5"
  1:54: -1: XXXXXXXXXXXXXXXXXXXXXXXXXXXXXXXX: console: : bot: "add test h 5"
  1:54: -1: XXXXXXXXXXXXXXXXXXXXXXXXXXXXXXXX: console: : bot: "add test h 5"
  1:55: -1: XXXXXXXXXXXXXXXXXXXXXXXXXXXXXXXX: console: : bot: "add test h 5"
  1:56: -1: XXXXXXXXXXXXXXXXXXXXXXXXXXXXXXXX: console: : bot: "add test h 5"
  1:56: -1: XXXXXXXXXXXXXXXXXXXXXXXXXXXXXXXX: console: : bot: "add test h 5"
  1:57: -1: XXXXXXXXXXXXXXXXXXXXXXXXXXXXXXXX: console: : bot: "add test h 5"
  1:57: -1: XXXXXXXXXXXXXXXXXXXXXXXXXXXXXXXX: console: : bot: "add test h 5"
  1:58: -1: XXXXXXXXXXXXXXXXXXXXXXXXXXXXXXXX: console: : bot: "add test h 5"
  1:58: -1: XXXXXXXXXXXXXXXXXXXXXXXXXXXXXXXX: console: : bot: "add test h 5"
  1:59: -1: XXXXXXXXXXXXXXXXXXXXXXXXXXXXXXXX: console: : bot: "add test h 5"
  1:59: -1: XXXXXXXXXXXXXXXXXXXXXXXXXXXXXXXX: console: : bot: "add test h 5"
  0:15: -1: XXXXXXXXXXXXXXXXXXXXXXXXXXXXXXXX: console: : bot: "remove test h 5 1"
  0:16: -1: XXXXXXXXXXXXXXXXXXXXXXXXXXXXXXXX: console: : bot: "remove test h 5 1"
  0:22: -1: XXXXXXXXXXXXXXXXXXXXXXXXXXXXXXXX: console: : bot: "add test h 5 1"
  0:25: -1: XXXXXXXXXXXXXXXXXXXXXXXXXXXXXXXX: console: : bot: "add test h test 1"
  0:29: -1: XXXXXXXXXXXXXXXXXXXXXXXXXXXXXXXX: console: : bot: "add test h 5 1"
  0:32: -1: XXXXXXXXXXXXXXXXXXXXXXXXXXXXXXXX: console: : bot: "add test h"
  0:33: -1: XXXXXXXXXXXXXXXXXXXXXXXXXXXXXXXX: console: : bot: "add test h"
  0:34: -1: XXXXXXXXXXXXXXXXXXXXXXXXXXXXXXXX: console: : bot: "add test h"
  0:35: -1: XXXXXXXXXXXXXXXXXXXXXXXXXXXXXXXX: console: : bot: "add test h"
  0:36: -1: XXXXXXXXXXXXXXXXXXXXXXXXXXXXXXXX: console: : bot: "add test h"
  0:36: -1: XXXXXXXXXXXXXXXXXXXXXXXXXXXXXXXX: console: : bot: "add test h"
  0:38: -1: XXXXXXXXXXXXXXXXXXXXXXXXXXXXXXXX: console: : bot: "add test h"
  0:39: -1: XXXXXXXXXXXXXXXXXXXXXXXXXXXXXXXX: console: : bot: "add test h"
  0:40: -1: XXXXXXXXXXXXXXXXXXXXXXXXXXXXXXXX: console: : bot: "add test h"
  0:19: -1: XXXXXXXXXXXXXXXXXXXXXXXXXXXXXXXX: console: : bot: "add test h 5 1"
  0:22: -1: XXXXXXXXXXXXXXXXXXXXXXXXXXXXXXXX: console: : bot: "add test"
  0:30: -1: XXXXXXXXXXXXXXXXXXXXXXXXXXXXXXXX: console: : bot: "add test h 1"
  0:31: -1: XXXXXXXXXXXXXXXXXXXXXXXXXXXXXXXX: console: : bot: "add test h 1"
  0:33: -1: XXXXXXXXXXXXXXXXXXXXXXXXXXXXXXXX: console: : bot: "add test h 1"
  0:33: -1: XXXXXXXXXXXXXXXXXXXXXXXXXXXXXXXX: console: : bot: "add test h 1"
  0:34: -1: XXXXXXXXXXXXXXXXXXXXXXXXXXXXXXXX: console: : bot: "add test h 1"
  0:35: -1: XXXXXXXXXXXXXXXXXXXXXXXXXXXXXXXX: console: : bot: "add test h 1"
  0:36: -1: XXXXXXXXXXXXXXXXXXXXXXXXXXXXXXXX: console: : bot: "add test h 1"
  0:36: -1: XXXXXXXXXXXXXXXXXXXXXXXXXXXXXXXX: console: : bot: "add test h 1"
  0:37: -1: XXXXXXXXXXXXXXXXXXXXXXXXXXXXXXXX: console: : bot: "add test h 1"
  0:37: -1: XXXXXXXXXXXXXXXXXXXXXXXXXXXXXXXX: console: : bot: "add test h 1"
  0:51: -1: XXXXXXXXXXXXXXXXXXXXXXXXXXXXXXXX: console: : bot: "add test h 1"
  0:52: -1: XXXXXXXXXXXXXXXXXXXXXXXXXXXXXXXX: console: : bot: "add test h 1"
  0:52: -1: XXXXXXXXXXXXXXXXXXXXXXXXXXXXXXXX: console: : bot: "add test h 1"
  0:53: -1: XXXXXXXXXXXXXXXXXXXXXXXXXXXXXXXX: console: : bot: "add test h 1"
  0:54: -1: XXXXXXXXXXXXXXXXXXXXXXXXXXXXXXXX: console: : bot: "add test h 1"
  0:55: -1: XXXXXXXXXXXXXXXXXXXXXXXXXXXXXXXX: console: : bot: "add test h 1"
  2:30: -1: XXXXXXXXXXXXXXXXXXXXXXXXXXXXXXXX: console: : bot: "add test h 1"
  2:36: -1: XXXXXXXXXXXXXXXXXXXXXXXXXXXXXXXX: console: : bot: "add test h 1"
  2:41: -1: XXXXXXXXXXXXXXXXXXXXXXXXXXXXXXXX: console: : bot: "add test h 1"
  2:44: -1: XXXXXXXXXXXXXXXXXXXXXXXXXXXXXXXX: console: : bot: "add test h 1"
  7:46: -1: XXXXXXXXXXXXXXXXXXXXXXXXXXXXXXXX: console: : bot: "add test h 1"
  8:09: 0: F96ACC4C90AF2C624D455F86800D9641: UnnamedPlayer: : attempted: "!bot ad test a 5 1"
  8:12: 0: F96ACC4C90AF2C624D455F86800D9641: UnnamedPlayer: : attempted: "!bot add test a 5 1"
  8:15: -1: XXXXXXXXXXXXXXXXXXXXXXXXXXXXXXXX: console: : bot: "add test h 1"
  8:19: -1: XXXXXXXXXXXXXXXXXXXXXXXXXXXXXXXX: console: : bot: "add test a 5"
  8:20: -1: XXXXXXXXXXXXXXXXXXXXXXXXXXXXXXXX: console: : bot: "add test a 5"
  4:00: -1: XXXXXXXXXXXXXXXXXXXXXXXXXXXXXXXX: console: : bot: "add test a 5 1"
  4:03: -1: XXXXXXXXXXXXXXXXXXXXXXXXXXXXXXXX: console: : bot: "add test a"
  4:06: -1: XXXXXXXXXXXXXXXXXXXXXXXXXXXXXXXX: console: : bot: "add test"
  4:07: -1: XXXXXXXXXXXXXXXXXXXXXXXXXXXXXXXX: console: : bot: "add test"
  4:08: -1: XXXXXXXXXXXXXXXXXXXXXXXXXXXXXXXX: console: : bot: "add test"
  4:09: -1: XXXXXXXXXXXXXXXXXXXXXXXXXXXXXXXX: console: : bot: "add test"
  4:11: -1: XXXXXXXXXXXXXXXXXXXXXXXXXXXXXXXX: console: : bot: "add test h tes"
  4:14: -1: XXXXXXXXXXXXXXXXXXXXXXXXXXXXXXXX: console: : bot: "add test h test 5."
  4:18: -1: XXXXXXXXXXXXXXXXXXXXXXXXXXXXXXXX: console: : bot: "add test h sarge 5."
  4:19: -1: XXXXXXXXXXXXXXXXXXXXXXXXXXXXXXXX: console: : bot: "add test h sarge 5."
  4:20: -1: XXXXXXXXXXXXXXXXXXXXXXXXXXXXXXXX: console: : bot: "add test h sarge 5."
  4:21: -1: XXXXXXXXXXXXXXXXXXXXXXXXXXXXXXXX: console: : bot: "add test h sarge 5."
  4:22: -1: XXXXXXXXXXXXXXXXXXXXXXXXXXXXXXXX: console: : bot: "add test h sarge 5."
  4:23: -1: XXXXXXXXXXXXXXXXXXXXXXXXXXXXXXXX: console: : bot: "add test h sarge 5."
  4:28: -1: XXXXXXXXXXXXXXXXXXXXXXXXXXXXXXXX: console: : bot: "add test a sarge 5."
  4:29: -1: XXXXXXXXXXXXXXXXXXXXXXXXXXXXXXXX: console: : bot: "add test a sarge 5."
  4:30: -1: XXXXXXXXXXXXXXXXXXXXXXXXXXXXXXXX: console: : bot: "add test a sarge 5."
  4:30: -1: XXXXXXXXXXXXXXXXXXXXXXXXXXXXXXXX: console: : bot: "add test a sarge 5."
  4:31: -1: XXXXXXXXXXXXXXXXXXXXXXXXXXXXXXXX: console: : bot: "add test a sarge 5."
  4:31: -1: XXXXXXXXXXXXXXXXXXXXXXXXXXXXXXXX: console: : bot: "add test a sarge 5."
  5:58: -1: XXXXXXXXXXXXXXXXXXXXXXXXXXXXXXXX: console: : bot: "add test h sarge 5."
  5:59: -1: XXXXXXXXXXXXXXXXXXXXXXXXXXXXXXXX: console: : bot: "add test h sarge 5."
  1:05: -1: XXXXXXXXXXXXXXXXXXXXXXXXXXXXXXXX: console: : bot: "add test h 5 1"
  1:09: -1: XXXXXXXXXXXXXXXXXXXXXXXXXXXXXXXX: console: : bot: "add test h sarge 1"
  1:11: -1: XXXXXXXXXXXXXXXXXXXXXXXXXXXXXXXX: console: : bot: "add test h sarge"
  1:12: -1: XXXXXXXXXXXXXXXXXXXXXXXXXXXXXXXX: console: : bot: "add test h sarge"
  1:13: -1: XXXXXXXXXXXXXXXXXXXXXXXXXXXXXXXX: console: : bot: "add test h sarge"
  1:13: -1: XXXXXXXXXXXXXXXXXXXXXXXXXXXXXXXX: console: : bot: "add test h sarge"
  1:14: -1: XXXXXXXXXXXXXXXXXXXXXXXXXXXXXXXX: console: : bot: "add test h sarge"
  1:15: -1: XXXXXXXXXXXXXXXXXXXXXXXXXXXXXXXX: console: : bot: "add test h sarge"
  1:16: -1: XXXXXXXXXXXXXXXXXXXXXXXXXXXXXXXX: console: : bot: "add test h sarge"
  1:16: -1: XXXXXXXXXXXXXXXXXXXXXXXXXXXXXXXX: console: : bot: "add test h sarge"
  1:17: -1: XXXXXXXXXXXXXXXXXXXXXXXXXXXXXXXX: console: : bot: "add test h sarge"
  1:18: -1: XXXXXXXXXXXXXXXXXXXXXXXXXXXXXXXX: console: : bot: "add test h sarge"
  0:08: -1: XXXXXXXXXXXXXXXXXXXXXXXXXXXXXXXX: console: : help: ""
  0:12: -1: XXXXXXXXXXXXXXXXXXXXXXXXXXXXXXXX: console: : listchars: ""
  0:22: -1: XXXXXXXXXXXXXXXXXXXXXXXXXXXXXXXX: console: : bot: ""
  0:33: -1: XXXXXXXXXXXXXXXXXXXXXXXXXXXXXXXX: console: : bot: "add Major humans Major 5."
  0:45: -1: XXXXXXXXXXXXXXXXXXXXXXXXXXXXXXXX: console: : bot: "add Major humans Major 5."
  0:45: -1: XXXXXXXXXXXXXXXXXXXXXXXXXXXXXXXX: console: : bot: "add Major humans Major 5."
  0:47: -1: XXXXXXXXXXXXXXXXXXXXXXXXXXXXXXXX: console: : bot: "add Major humans Major 5."
  0:47: -1: XXXXXXXXXXXXXXXXXXXXXXXXXXXXXXXX: console: : bot: "add Major humans Major 5."
  0:48: -1: XXXXXXXXXXXXXXXXXXXXXXXXXXXXXXXX: console: : bot: "add Major humans Major 5."
  0:08: -1: XXXXXXXXXXXXXXXXXXXXXXXXXXXXXXXX: console: : bot: "add Major humans Major 5."
  0:10: -1: XXXXXXXXXXXXXXXXXXXXXXXXXXXXXXXX: console: : bot: "add Major humans Major 5."
  0:16: -1: XXXXXXXXXXXXXXXXXXXXXXXXXXXXXXXX: console: : bot: "add Major humans 5."
  0:20: -1: XXXXXXXXXXXXXXXXXXXXXXXXXXXXXXXX: console: : bot: "add Major humans 5."
  0:23: -1: XXXXXXXXXXXXXXXXXXXXXXXXXXXXXXXX: console: : bot: "add Major humans 5."
  0:27: -1: XXXXXXXXXXXXXXXXXXXXXXXXXXXXXXXX: console: : bot: "add Major humans 5."
  0:30: -1: XXXXXXXXXXXXXXXXXXXXXXXXXXXXXXXX: console: : bot: "add Major humans 5."
  0:33: -1: XXXXXXXXXXXXXXXXXXXXXXXXXXXXXXXX: console: : bot: "add Major humans 5."
  0:43: -1: XXXXXXXXXXXXXXXXXXXXXXXXXXXXXXXX: console: : bot: "add Major humans 5."
  1:50: -1: XXXXXXXXXXXXXXXXXXXXXXXXXXXXXXXX: console: : bot: "add Major humans 5."
  1:54: -1: XXXXXXXXXXXXXXXXXXXXXXXXXXXXXXXX: console: : bot: "add Major humans 5."
  1:56: -1: XXXXXXXXXXXXXXXXXXXXXXXXXXXXXXXX: console: : bot: "add Major humans 5."
  1:58: -1: XXXXXXXXXXXXXXXXXXXXXXXXXXXXXXXX: console: : bot: "add Major humans 5."
  2:00: -1: XXXXXXXXXXXXXXXXXXXXXXXXXXXXXXXX: console: : bot: "add Major humans 5."
  2:03: -1: XXXXXXXXXXXXXXXXXXXXXXXXXXXXXXXX: console: : bot: "add Major humans 5."
  5:07: -1: XXXXXXXXXXXXXXXXXXXXXXXXXXXXXXXX: console: : restart: ""
  6:14: -1: XXXXXXXXXXXXXXXXXXXXXXXXXXXXXXXX: console: : restart: ""
  8:03: -1: XXXXXXXXXXXXXXXXXXXXXXXXXXXXXXXX: console: : restart: ""
  0:13: -1: XXXXXXXXXXXXXXXXXXXXXXXXXXXXXXXX: console: : restart: ""
  1:56: -1: XXXXXXXXXXXXXXXXXXXXXXXXXXXXXXXX: console: : restart: ""
 15:20: -1: XXXXXXXXXXXXXXXXXXXXXXXXXXXXXXXX: console: : restart: ""
  3:42: 0: 275367D46639238B226D67DD676FF06D: UnnamedPlayer: : attempted: "!restart"
  3:43: -1: XXXXXXXXXXXXXXXXXXXXXXXXXXXXXXXX: console: : restart: ""
  9:21: -1: XXXXXXXXXXXXXXXXXXXXXXXXXXXXXXXX: console: : restart: ""
  8:22: -1: XXXXXXXXXXXXXXXXXXXXXXXXXXXXXXXX: console: : restart: ""
 12:54: -1: XXXXXXXXXXXXXXXXXXXXXXXXXXXXXXXX: console: : restart: ""
 16:12: -1: XXXXXXXXXXXXXXXXXXXXXXXXXXXXXXXX: console: : restart: ""
 19:06: -1: XXXXXXXXXXXXXXXXXXXXXXXXXXXXXXXX: console: : restart: ""
 10:29: -1: XXXXXXXXXXXXXXXXXXXXXXXXXXXXXXXX: console: : restart: ""
 12:46: -1: XXXXXXXXXXXXXXXXXXXXXXXXXXXXXXXX: console: : restart: ""
 13:01: -1: XXXXXXXXXXXXXXXXXXXXXXXXXXXXXXXX: console: : restart: ""
 13:18: -1: XXXXXXXXXXXXXXXXXXXXXXXXXXXXXXXX: console: : restart: ""
 15:19: 0: 275367D46639238B226D67DD676FF06D: UnnamedPlayer: : attempted: "!restart"
 15:20: -1: XXXXXXXXXXXXXXXXXXXXXXXXXXXXXXXX: console: : restart: ""
 17:40: -1: XXXXXXXXXXXXXXXXXXXXXXXXXXXXXXXX: console: : restart: ""
 10:12: -1: XXXXXXXXXXXXXXXXXXXXXXXXXXXXXXXX: console: : restart: ""
 11:52: -1: XXXXXXXXXXXXXXXXXXXXXXXXXXXXXXXX: console: : restart: ""
  2:47: -1: XXXXXXXXXXXXXXXXXXXXXXXXXXXXXXXX: console: : restart: ""
  3:58: -1: XXXXXXXXXXXXXXXXXXXXXXXXXXXXXXXX: console: : restart: ""
  0:35: -1: XXXXXXXXXXXXXXXXXXXXXXXXXXXXXXXX: console: : restart: ""
  3:18: -1: XXXXXXXXXXXXXXXXXXXXXXXXXXXXXXXX: console: : restart: ""
  1:02: -1: XXXXXXXXXXXXXXXXXXXXXXXXXXXXXXXX: console: : help: ""
  1:08: -1: XXXXXXXXXXXXXXXXXXXXXXXXXXXXXXXX: console: : bot: ""
  1:13: -1: XXXXXXXXXXXXXXXXXXXXXXXXXXXXXXXX: console: : bot: "add test a"
  0:56: -1: XXXXXXXXXXXXXXXXXXXXXXXXXXXXXXXX: console: : bot: "add test a"
  0:13: -1: XXXXXXXXXXXXXXXXXXXXXXXXXXXXXXXX: console: : bot: "add test a"
  0:18: -1: XXXXXXXXXXXXXXXXXXXXXXXXXXXXXXXX: console: : bot: "add test a"
  0:44: -1: XXXXXXXXXXXXXXXXXXXXXXXXXXXXXXXX: console: : bot: "add test a"
  1:34: -1: XXXXXXXXXXXXXXXXXXXXXXXXXXXXXXXX: console: : restart: ""
  4:23: -1: XXXXXXXXXXXXXXXXXXXXXXXXXXXXXXXX: console: : restart: ""
  4:02: -1: XXXXXXXXXXXXXXXXXXXXXXXXXXXXXXXX: console: : restart: ""
 13:11: -1: XXXXXXXXXXXXXXXXXXXXXXXXXXXXXXXX: console: : restart: ""
 16:29: -1: XXXXXXXXXXXXXXXXXXXXXXXXXXXXXXXX: console: : restart: ""
 17:48: -1: XXXXXXXXXXXXXXXXXXXXXXXXXXXXXXXX: console: : restart: ""
 17:59: -1: XXXXXXXXXXXXXXXXXXXXXXXXXXXXXXXX: console: : restart: ""
 19:24: -1: XXXXXXXXXXXXXXXXXXXXXXXXXXXXXXXX: console: : restart: ""
 23:42: -1: XXXXXXXXXXXXXXXXXXXXXXXXXXXXXXXX: console: : restart: ""
 30:41: -1: XXXXXXXXXXXXXXXXXXXXXXXXXXXXXXXX: console: : restart: ""
  3:06: -1: XXXXXXXXXXXXXXXXXXXXXXXXXXXXXXXX: console: : restart: ""
  3:49: -1: XXXXXXXXXXXXXXXXXXXXXXXXXXXXXXXX: console: : restart: ""
  4:19: -1: XXXXXXXXXXXXXXXXXXXXXXXXXXXXXXXX: console: : restart: ""
 19:25: -1: XXXXXXXXXXXXXXXXXXXXXXXXXXXXXXXX: console: : restart: ""
 27:01: -1: XXXXXXXXXXXXXXXXXXXXXXXXXXXXXXXX: console: : restart: ""
  0:54: -1: XXXXXXXXXXXXXXXXXXXXXXXXXXXXXXXX: console: : restart: ""
  2:08: -1: XXXXXXXXXXXXXXXXXXXXXXXXXXXXXXXX: console: : restart: ""
 16:34: -1: XXXXXXXXXXXXXXXXXXXXXXXXXXXXXXXX: console: : restart: ""
  3:26: -1: XXXXXXXXXXXXXXXXXXXXXXXXXXXXXXXX: console: : restart: ""
  4:41: 0: 275367D46639238B226D67DD676FF06D: TheDushan: : attempted: "!bot add a test 5"
  4:42: -1: XXXXXXXXXXXXXXXXXXXXXXXXXXXXXXXX: console: : bot: "add a test 5"
  4:48: -1: XXXXXXXXXXXXXXXXXXXXXXXXXXXXXXXX: console: : bot: "add test a 5"
  4:49: -1: XXXXXXXXXXXXXXXXXXXXXXXXXXXXXXXX: console: : bot: "add test a 5"
  4:53: -1: XXXXXXXXXXXXXXXXXXXXXXXXXXXXXXXX: console: : bot: "add test a 5"
  3:20: -1: XXXXXXXXXXXXXXXXXXXXXXXXXXXXXXXX: console: : restart: ""
  2:17: -1: XXXXXXXXXXXXXXXXXXXXXXXXXXXXXXXX: console: : restart: ""
