logfile opened on Fri Sep 21 23:22:15 2018

^3WARNING:^7 MySQL loading failed: Can't connect to MySQL server on 'localhost' (10061)
MySQL loaded version: 6.0.0
----- Client Initialization -----

----- Console Initialization -------
Console initialized.
----- Initializing Renderer ----
GUIDKEY found.
----- Client Initialization Complete -----
----- R_Init -----
SDL_Init( SDL_INIT_VIDEO )... SDL using driver "windib"
Initializing OpenGL display
Estimated display aspect: 1.600
...setting mode 15: 1680 1050
Using 8/8/8 Color bits, 32 depth, 16 stencil display.
Using GLEW 2.1.0
Using OpenGL 4.5.13539 Compatibility Profile Context 24.20.13017.1009, GLSL 4.50
...wglMakeCurrent( FFFFFFFF8D01139A, 0000000000000000 ): success
...deleting initial GL context: success
...initializing new OpenGL context done
Using enhanced (GL3) Renderer in GL 3.x mode...
Available modes: '1280x800 1440x900 1680x1050 1280x768 1360x768 1280x720 1360x765 1366x768 720x400 640x480 800x600 832x624 1024x768 1280x960 1400x1050 1600x1200 1360x1024 1152x872 1280x1024'
GL_RENDERER: AMD Radeon R9 200 Series
Detected graphics driver class 'OpenGL 3+'
Detected graphics hardware class 'AMD Radeon DX10-class'
Initializing OpenGL extensions
...found OpenGL extension - GL_EXT_texture_env_add
...found OpenGL extension - GL_ARB_depth_texture
...found OpenGL extension - GL_ARB_texture_cube_map
...found OpenGL extension - GL_ARB_vertex_program
...found OpenGL extension - GL_ARB_vertex_array_object
...found OpenGL extension - GL_ARB_shader_objects
...found OpenGL extension - GL_ARB_vertex_shader
...found OpenGL extension - GL_ARB_fragment_shader
...found OpenGL extension - GL_ARB_texture_float
...GL_ATI_meminfo not found
...GL_NVX_gpu_memory_info not found
...found OpenGL extension - GL_EXT_texture_compression_s3tc
...ignoring GL_EXT_texture_filter_anisotropic
...found OpenGL extension - GL_ARB_framebuffer_object
...found OpenGL extension - GL_EXT_direct_state_access
...found OpenGL extension - GL_ARB_occlusion_query
...found OpenGL extension - GL_ARB_texture_compression_rgtc
...found OpenGL extension - GL_ARB_texture_compression_bptc
...found OpenGL extension - GL_ARB_depth_clamp
...found OpenGL extension - GL_ARB_seamless_cube_map
------- idRenderSystemLocal::FBOInit -------
----------- owGpuWorkerLocal::Init ----------
Init OpenCL...
...Getting Device Platform ID.
...Getting Device ID.
...Creating Device Context.
...Creating Device Command Queue.
---------------------------------------
----------- owGPUWorkerCLManager::InitDevice -----------
Loading GPU Worker Program: renderWorkerProgs/HelloWorld.opencl
...Program Size 1951
HelloWorld GPU Cache Size 1064960 bytes...
----------- owGPUWorkerCLManager::InitTexturefromCL -----------
CreateSharedTextureHandle: Failed to create shared handle from image HelloWorld
------- idRenderSystemLocal::InitGPUShaders -------
loaded 134 GLSL shaders (32 gen 56 light 46 etc) in  0.28 seconds
------- R_InitVaos -------
Initializing Shaders

GL_VENDOR: ATI Technologies Inc.
GL_RENDERER: AMD Radeon R9 200 Series
GL_VERSION: 3.3.13539 Core Profile Context 24.20.13017.1009
GL_MAX_TEXTURE_SIZE: 16384
GL_MAX_TEXTURE_UNITS_ARB: 0

PIXELFORMAT: color(24-bits) Z(32-bit) stencil(16-bits)
MODE: 15, 1680 x 1050 windowed hz:N/A
GAMMA: software w/ 2 overbright bits
texturemode: GL_LINEAR_MIPMAP_NEAREST
picmip: 0
texture bits: 32
compiled vertex arrays: enabled
texenv add: enabled
compressed textures: enabled
----- finished R_Init -----
------ Initializing Sound ------
Allocated 96 sources.
OpenAL info:
  Vendor:     Creative Labs Inc.
  Version:    1.1
  Renderer:   Software
  AL Extensions: EAX EAX2.0 EAX3.0 EAX4.0 EAX5.0 EAX3.0EMULATED EAX4.0EMULATED AL_EXT_OFFSET AL_EXT_LINEAR_DISTANCE AL_EXT_EXPONENT_DISTANCE
  ALC Extensions: ALC_ENUMERATE_ALL_EXT ALC_ENUMERATION_EXT ALC_EXT_CAPTURE ALC_EXT_EFX
  Device:     Generic Software
Available Devices:
Generic Software
Sound initialization successful.
--------------------------------
--- Common Initialization Complete ---
Winsock Initialized
Hostname: DESKTOP-KTUDL24
IP6: fe80::9c74:9936:6bfe:a23a%6
IP: 192.168.1.111
Opening IP6 socket: [::]:27960
Opening IP socket: 0.0.0.0:27960
]^7\map utcsud_1
    utcsud_13
    utcsud_14
]\map utcsud_14
------ Server Initialization ------
Server: utcsud_14
Allocated 96 sources.
idRenderSystemLocal::Shutdown( 0 )
------- idRenderSystemLocal::FBOShutdown -------
------- R_ShutdownVaos -------
----------- owGpuWorkerLocal::Shutdown ----------
Clearing render program workers...
Releasing command queue
Releasing OpenCL context
------- idRenderSystemLocal::ShutdownGPUShaders -------
Hunk_Clear: reset the hunk ok
    pk3: d:\MyProjects\Tremulous\\main\map-eXcs-06-25-2018.pk3
    pk3: d:\MyProjects\Tremulous\\main\map-UTCSUD_1.3_1.1.pk3
    pk3: d:\MyProjects\Tremulous\\main\map-vega-beta1.pk3
    pk3: d:\MyProjects\Tremulous\\main\texturepack-eX-06-25-2018.pk3
    pk3: d:\MyProjects\Tremulous\\main\texturepack-vega-06-25-2018.pk3
    pk3: d:\MyProjects\Tremulous\\main\texturepack-vega-06-26-2018.pk3
    pk3: d:\MyProjects\Tremulous\\main\texturepack-vega-06-28-2018.pk3
FS_AddGameDirectory: "C:\Users\dusan\OneDrive\Documents\My Games\OpenWolf" "main"
----------------------
3254 files in pk3 files
----------- Bullet Physics Init ----------
Init Physics Similuation Environment...
owPhysicsManagerLocal::LoadBulletPhysicsFile: Loaded bullet file - maps/utcsud_14.bullet
idCollisionModelManagerLocal::LoadCollisionModel: Loaded cm file - maps/utcsud_14.cm
------- idGameLocal::Init : Game Initialization -------
idGameLocal::Init:Gamename: main
idGameLocal::Init:Gamedate: Sep 21 2018
^3WARNING:^7 MySQL Query failed: MySQL server has gone away
!readconfig: loaded 2 levels, 1 admins, 0 bans, 0 commands
Loaded 45 of 45 emoticons (MAX_EMOTICONS is 64)
idGameLocal::LayoutSelect: Using layout "*BUILTIN*" from list (*BUILTIN* )
script_multiplayer doesn't have a spawn function
2 teams with 6 entities
^1ERROR: map "karith" doesn't exist
^1ERROR: failed to parse maprotation.cfg file
voice "default": 2 commands, 2 tracks
-----------------------------------
Opened log botlib.log
------- BotLib Initialization -------
loaded weapons.c
^3Warning: no item info loaded
loaded items.c
loaded syn.c
loaded rnd.c
loaded match.c
loaded rchat.c
------------ Map Loading ------------
trying to load maps/utcsud_14.aas
^1Fatal: can't open maps/utcsud_14.aas
------------- idGameLocal::InitBots --------------
6 bots parsed
--------------------------------------------------
-----------------------------------
^3WARNING:^7 MySQL Query failed: MySQL server has gone away
Server restored from hibernation
idRenderSystemLocal::Shutdown( 0 )
----- R_Init -----
Cmd_AddCommand: modelist already defined
------- idRenderSystemLocal::FBOInit -------
----------- owGpuWorkerLocal::Init ----------
Init OpenCL...
...Getting Device Platform ID.
...Getting Device ID.
...Creating Device Context.
...Creating Device Command Queue.
---------------------------------------
----------- owGPUWorkerCLManager::InitDevice -----------
Loading GPU Worker Program: renderWorkerProgs/HelloWorld.opencl
...Program Size 1951
HelloWorld GPU Cache Size 1064960 bytes...
----------- owGPUWorkerCLManager::InitTexturefromCL -----------
CreateSharedTextureHandle: Failed to create shared handle from image HelloWorld
------- idRenderSystemLocal::InitGPUShaders -------
loaded 134 GLSL shaders (32 gen 56 light 46 etc) in  0.17 seconds
------- R_InitVaos -------
Initializing Shaders

GL_VENDOR: ATI Technologies Inc.
GL_RENDERER: AMD Radeon R9 200 Series
GL_VERSION: 3.3.13539 Core Profile Context 24.20.13017.1009
GL_MAX_TEXTURE_SIZE: 16384
GL_MAX_TEXTURE_UNITS_ARB: 0

PIXELFORMAT: color(24-bits) Z(32-bit) stencil(16-bits)
MODE: 15, 1680 x 1050 windowed hz:N/A
GAMMA: software w/ 2 overbright bits
texturemode: GL_LINEAR_MIPMAP_NEAREST
picmip: 0
texture bits: 32
compiled vertex arrays: enabled
texenv add: enabled
compressed textures: enabled
----- finished R_Init -----
^3WARNING: unhandled AL error: Invalid name
stitched 2 LoD cracks
...loaded 4236 faces, 244 meshes, 0 trisurfs, 0 flares
^3idSoundSystemLocal::SoundDuration: handle 168 out of range
^3idSoundSystemLocal::SoundDuration: handle 169 out of range
voice "default": 2 commands, 2 tracks
CL_InitCGame: 96.86 seconds
Com_TouchMemory: 0 msec
^3WARNING:^7 MySQL Query failed: MySQL server has gone away
The name 'dusan^7' belongs to an admin, please use another name
The name 'dusan^7' belongs to an admin, please use another name
UnnamedPlayer^7 entered the game
]\r_postProcess 0
]\r_postProcess 1
]\vid_restart 
----------- Bullet Physics Shutdown ----------
idRenderSystemLocal::Shutdown( 1 )
------- idRenderSystemLocal::FBOShutdown -------
------- R_ShutdownVaos -------
----------- owGpuWorkerLocal::Shutdown ----------
Clearing render program workers...
Releasing command queue
Releasing OpenCL context
------- idRenderSystemLocal::ShutdownGPUShaders -------
Shutting down OpenGL subsystem
----- Initializing Renderer ----
----- R_Init -----
Cmd_AddCommand: modelist already defined
SDL_Init( SDL_INIT_VIDEO )... SDL using driver "windib"
Initializing OpenGL display
...setting mode 15: 1680 1050
Using 8/8/8 Color bits, 32 depth, 16 stencil display.
Using GLEW 2.1.0
Using OpenGL 4.5.13539 Compatibility Profile Context 24.20.13017.1009, GLSL 4.50
...wglMakeCurrent( FFFFFFFFFD0115C8, 0000000000000000 ): success
...deleting initial GL context: success
...initializing new OpenGL context done
Using enhanced (GL3) Renderer in GL 3.x mode...
Available modes: '1280x800 1440x900 1680x1050 1280x768 1360x768 1280x720 1360x765 1366x768 720x400 640x480 800x600 832x624 1024x768 1280x960 1400x1050 1600x1200 1360x1024 1152x872 1280x1024'
GL_RENDERER: AMD Radeon R9 200 Series
Detected graphics driver class 'OpenGL 3+'
Detected graphics hardware class 'AMD Radeon DX10-class'
Initializing OpenGL extensions
...found OpenGL extension - GL_EXT_texture_env_add
...found OpenGL extension - GL_ARB_depth_texture
...found OpenGL extension - GL_ARB_texture_cube_map
...found OpenGL extension - GL_ARB_vertex_program
...found OpenGL extension - GL_ARB_vertex_array_object
...found OpenGL extension - GL_ARB_shader_objects
...found OpenGL extension - GL_ARB_vertex_shader
...found OpenGL extension - GL_ARB_fragment_shader
...found OpenGL extension - GL_ARB_texture_float
...GL_ATI_meminfo not found
...GL_NVX_gpu_memory_info not found
...found OpenGL extension - GL_EXT_texture_compression_s3tc
...ignoring GL_EXT_texture_filter_anisotropic
...found OpenGL extension - GL_ARB_framebuffer_object
...found OpenGL extension - GL_EXT_direct_state_access
...found OpenGL extension - GL_ARB_occlusion_query
...found OpenGL extension - GL_ARB_texture_compression_rgtc
...found OpenGL extension - GL_ARB_texture_compression_bptc
...found OpenGL extension - GL_ARB_depth_clamp
...found OpenGL extension - GL_ARB_seamless_cube_map
------- idRenderSystemLocal::FBOInit -------
----------- owGpuWorkerLocal::Init ----------
Init OpenCL...
...Getting Device Platform ID.
...Getting Device ID.
...Creating Device Context.
...Creating Device Command Queue.
---------------------------------------
----------- owGPUWorkerCLManager::InitDevice -----------
Loading GPU Worker Program: renderWorkerProgs/HelloWorld.opencl
...Program Size 1951
HelloWorld GPU Cache Size 1064960 bytes...
----------- owGPUWorkerCLManager::InitTexturefromCL -----------
CreateSharedTextureHandle: Failed to create shared handle from image HelloWorld
------- idRenderSystemLocal::InitGPUShaders -------
loaded 134 GLSL shaders (32 gen 56 light 46 etc) in  2.63 seconds
------- R_InitVaos -------
Initializing Shaders

GL_VENDOR: ATI Technologies Inc.
GL_RENDERER: AMD Radeon R9 200 Series
GL_VERSION: 3.3.13539 Core Profile Context 24.20.13017.1009
GL_MAX_TEXTURE_SIZE: 16384
GL_MAX_TEXTURE_UNITS_ARB: 0

PIXELFORMAT: color(24-bits) Z(32-bit) stencil(16-bits)
MODE: 15, 1680 x 1050 windowed hz:N/A
GAMMA: software w/ 2 overbright bits
texturemode: GL_LINEAR_MIPMAP_NEAREST
picmip: 0
texture bits: 32
compiled vertex arrays: enabled
texenv add: enabled
compressed textures: enabled
----- finished R_Init -----
stitched 2 LoD cracks
...loaded 4236 faces, 244 meshes, 0 trisurfs, 0 flares
^3idSoundSystemLocal::SoundDuration: handle 168 out of range
^3idSoundSystemLocal::SoundDuration: handle 169 out of range
voice "default": 2 commands, 2 tracks
CL_InitCGame: 107.09 seconds
Com_TouchMemory: 0 msec
The name 'dusan^7' belongs to an admin, please use another name
]^7\r_d
    r_debugSurfaceUpdate             ^7"1^7"
    r_drawBuffer                     ^7"GL_BACK^7"
    r_debugSurface                   ^7"0^7"
    r_drawentities                   ^7"1^7"
    r_drawworld                      ^7"1^7"
    r_debugSort                      ^7"0^7"
    r_debuglight                     ^7"0^7"
    r_directedScale                  ^7"1^7"
    r_dlightBacks                    ^7"1^7"
    r_dynamiclight                   ^7"1^7"
    r_drawSun                        ^7"1^7"
    r_dof                            ^7"1^7"
    r_darkexpand                     ^7"1^7"
    r_drawSunRays                    ^7"1^7"
    r_dlightMode                     ^7"2^7"
    r_deluxeSpecular                 ^7"0.3^7"
    r_deluxeMapping                  ^7"1^7"
    r_depthPrepass                   ^7"1^7"
    r_depthbits                      ^7"32^7"
    r_detailtextures                 ^7"1^7"
]^7\r_dlight
    r_dlightBacks                    ^7"1^7"
    r_dlightMode                     ^7"2^7"
]\r_dlightMode 1
r_dlightMode will be changed upon restarting.
]\vid_restart 
idRenderSystemLocal::Shutdown( 1 )
------- idRenderSystemLocal::FBOShutdown -------
------- R_ShutdownVaos -------
----------- owGpuWorkerLocal::Shutdown ----------
Clearing render program workers...
Releasing command queue
Releasing OpenCL context
------- idRenderSystemLocal::ShutdownGPUShaders -------
Shutting down OpenGL subsystem
----- Initializing Renderer ----
----- R_Init -----
Cmd_AddCommand: modelist already defined
SDL_Init( SDL_INIT_VIDEO )... SDL using driver "windib"
Initializing OpenGL display
...setting mode 15: 1680 1050
Using 8/8/8 Color bits, 32 depth, 16 stencil display.
Using GLEW 2.1.0
Using OpenGL 4.5.13539 Compatibility Profile Context 24.20.13017.1009, GLSL 4.50
...wglMakeCurrent( 0000000015011241, 0000000000000000 ): success
...deleting initial GL context: success
...initializing new OpenGL context done
Using enhanced (GL3) Renderer in GL 3.x mode...
Available modes: '1280x800 1440x900 1680x1050 1280x768 1360x768 1280x720 1360x765 1366x768 720x400 640x480 800x600 832x624 1024x768 1280x960 1400x1050 1600x1200 1360x1024 1152x872 1280x1024'
GL_RENDERER: AMD Radeon R9 200 Series
Detected graphics driver class 'OpenGL 3+'
Detected graphics hardware class 'AMD Radeon DX10-class'
Initializing OpenGL extensions
...found OpenGL extension - GL_EXT_texture_env_add
...found OpenGL extension - GL_ARB_depth_texture
...found OpenGL extension - GL_ARB_texture_cube_map
...found OpenGL extension - GL_ARB_vertex_program
...found OpenGL extension - GL_ARB_vertex_array_object
...found OpenGL extension - GL_ARB_shader_objects
...found OpenGL extension - GL_ARB_vertex_shader
...found OpenGL extension - GL_ARB_fragment_shader
...found OpenGL extension - GL_ARB_texture_float
...GL_ATI_meminfo not found
...GL_NVX_gpu_memory_info not found
...found OpenGL extension - GL_EXT_texture_compression_s3tc
...ignoring GL_EXT_texture_filter_anisotropic
...found OpenGL extension - GL_ARB_framebuffer_object
...found OpenGL extension - GL_EXT_direct_state_access
...found OpenGL extension - GL_ARB_occlusion_query
...found OpenGL extension - GL_ARB_texture_compression_rgtc
...found OpenGL extension - GL_ARB_texture_compression_bptc
...found OpenGL extension - GL_ARB_depth_clamp
...found OpenGL extension - GL_ARB_seamless_cube_map
------- idRenderSystemLocal::FBOInit -------
----------- owGpuWorkerLocal::Init ----------
Init OpenCL...
...Getting Device Platform ID.
...Getting Device ID.
...Creating Device Context.
...Creating Device Command Queue.
---------------------------------------
----------- owGPUWorkerCLManager::InitDevice -----------
Loading GPU Worker Program: renderWorkerProgs/HelloWorld.opencl
...Program Size 1951
HelloWorld GPU Cache Size 1064960 bytes...
----------- owGPUWorkerCLManager::InitTexturefromCL -----------
CreateSharedTextureHandle: Failed to create shared handle from image HelloWorld
------- idRenderSystemLocal::InitGPUShaders -------
loaded 134 GLSL shaders (32 gen 56 light 46 etc) in  2.86 seconds
------- R_InitVaos -------
Initializing Shaders

GL_VENDOR: ATI Technologies Inc.
GL_RENDERER: AMD Radeon R9 200 Series
GL_VERSION: 3.3.13539 Core Profile Context 24.20.13017.1009
GL_MAX_TEXTURE_SIZE: 16384
GL_MAX_TEXTURE_UNITS_ARB: 0

PIXELFORMAT: color(24-bits) Z(32-bit) stencil(16-bits)
MODE: 15, 1680 x 1050 windowed hz:N/A
GAMMA: software w/ 2 overbright bits
texturemode: GL_LINEAR_MIPMAP_NEAREST
picmip: 0
texture bits: 32
compiled vertex arrays: enabled
texenv add: enabled
compressed textures: enabled
----- finished R_Init -----
stitched 2 LoD cracks
...loaded 4236 faces, 244 meshes, 0 trisurfs, 0 flares
^3idSoundSystemLocal::SoundDuration: handle 168 out of range
^3idSoundSystemLocal::SoundDuration: handle 169 out of range
voice "default": 2 commands, 2 tracks
CL_InitCGame: 97.95 seconds
Com_TouchMemory: 0 msec
The name 'dusan^7' belongs to an admin, please use another name
]\vid_restart 
idRenderSystemLocal::Shutdown( 1 )
------- idRenderSystemLocal::FBOShutdown -------
------- R_ShutdownVaos -------
----------- owGpuWorkerLocal::Shutdown ----------
Clearing render program workers...
Releasing command queue
Releasing OpenCL context
------- idRenderSystemLocal::ShutdownGPUShaders -------
Shutting down OpenGL subsystem
----- Initializing Renderer ----
----- R_Init -----
Cmd_AddCommand: modelist already defined
SDL_Init( SDL_INIT_VIDEO )... SDL using driver "windib"
Initializing OpenGL display
...setting mode 15: 1680 1050
Using 8/8/8 Color bits, 32 depth, 16 stencil display.
Using GLEW 2.1.0
Using OpenGL 4.5.13539 Compatibility Profile Context 24.20.13017.1009, GLSL 4.50
...wglMakeCurrent( FFFFFFFF95011377, 0000000000000000 ): success
...deleting initial GL context: success
...initializing new OpenGL context done
Using enhanced (GL3) Renderer in GL 3.x mode...
Available modes: '1280x800 1440x900 1680x1050 1280x768 1360x768 1280x720 1360x765 1366x768 720x400 640x480 800x600 832x624 1024x768 1280x960 1400x1050 1600x1200 1360x1024 1152x872 1280x1024'
GL_RENDERER: AMD Radeon R9 200 Series
Detected graphics driver class 'OpenGL 3+'
Detected graphics hardware class 'AMD Radeon DX10-class'
Initializing OpenGL extensions
...found OpenGL extension - GL_EXT_texture_env_add
...found OpenGL extension - GL_ARB_depth_texture
...found OpenGL extension - GL_ARB_texture_cube_map
...found OpenGL extension - GL_ARB_vertex_program
...found OpenGL extension - GL_ARB_vertex_array_object
...found OpenGL extension - GL_ARB_shader_objects
...found OpenGL extension - GL_ARB_vertex_shader
...found OpenGL extension - GL_ARB_fragment_shader
...found OpenGL extension - GL_ARB_texture_float
...GL_ATI_meminfo not found
...GL_NVX_gpu_memory_info not found
...found OpenGL extension - GL_EXT_texture_compression_s3tc
...ignoring GL_EXT_texture_filter_anisotropic
...found OpenGL extension - GL_ARB_framebuffer_object
...found OpenGL extension - GL_EXT_direct_state_access
...found OpenGL extension - GL_ARB_occlusion_query
...found OpenGL extension - GL_ARB_texture_compression_rgtc
...found OpenGL extension - GL_ARB_texture_compression_bptc
...found OpenGL extension - GL_ARB_depth_clamp
...found OpenGL extension - GL_ARB_seamless_cube_map
------- idRenderSystemLocal::FBOInit -------
----------- owGpuWorkerLocal::Init ----------
Init OpenCL...
...Getting Device Platform ID.
...Getting Device ID.
...Creating Device Context.
...Creating Device Command Queue.
---------------------------------------
----------- owGPUWorkerCLManager::InitDevice -----------
Loading GPU Worker Program: renderWorkerProgs/HelloWorld.opencl
...Program Size 1951
HelloWorld GPU Cache Size 1064960 bytes...
----------- owGPUWorkerCLManager::InitTexturefromCL -----------
CreateSharedTextureHandle: Failed to create shared handle from image HelloWorld
------- idRenderSystemLocal::InitGPUShaders -------
loaded 134 GLSL shaders (32 gen 56 light 46 etc) in  0.29 seconds
------- R_InitVaos -------
Initializing Shaders

GL_VENDOR: ATI Technologies Inc.
GL_RENDERER: AMD Radeon R9 200 Series
GL_VERSION: 3.3.13539 Core Profile Context 24.20.13017.1009
GL_MAX_TEXTURE_SIZE: 16384
GL_MAX_TEXTURE_UNITS_ARB: 0

PIXELFORMAT: color(24-bits) Z(32-bit) stencil(16-bits)
MODE: 15, 1680 x 1050 windowed hz:N/A
GAMMA: software w/ 2 overbright bits
texturemode: GL_LINEAR_MIPMAP_NEAREST
picmip: 0
texture bits: 32
compiled vertex arrays: enabled
texenv add: enabled
compressed textures: enabled
----- finished R_Init -----
stitched 2 LoD cracks
...loaded 4236 faces, 244 meshes, 0 trisurfs, 0 flares
^3idSoundSystemLocal::SoundDuration: handle 168 out of range
^3idSoundSystemLocal::SoundDuration: handle 169 out of range
voice "default": 2 commands, 2 tracks
